2016-07-14 01:51:40 Error: [Cake\Database\Exception] SQLSTATE[42S02]: Base table or view not found: 1146 Table 'looop_highv.users' doesn't exist
Stack Trace:
#0 /var/www/html/looop_customer_management/vendor/cakephp/cakephp/src/Database/Schema/Collection.php(96): Cake\Database\Schema\Collection->_reflect('Column', 'users', Array, Object(Cake\Database\Schema\Table))
#1 /var/www/html/looop_customer_management/vendor/cakephp/cakephp/src/Database/Schema/CachedCollection.php(64): Cake\Database\Schema\Collection->describe('users', Array)
#2 /var/www/html/looop_customer_management/vendor/cakephp/cakephp/src/ORM/Table.php(430): Cake\Database\Schema\CachedCollection->describe('users')
#3 /var/www/html/looop_customer_management/vendor/cakephp/cakephp/src/ORM/Table.php(506): Cake\ORM\Table->schema()
#4 /var/www/html/looop_customer_management/vendor/cakephp/bake/src/Shell/Task/ModelTask.php(206): Cake\ORM\Table->primaryKey()
#5 /var/www/html/looop_customer_management/vendor/cakephp/bake/src/Shell/Task/ModelTask.php(124): Bake\Shell\Task\ModelTask->getAssociations(Object(Cake\ORM\Table))
#6 /var/www/html/looop_customer_management/vendor/cakephp/bake/src/Shell/Task/ModelTask.php(109): Bake\Shell\Task\ModelTask->getTableContext(Object(Cake\ORM\Table), 'users', 'Users')
#7 /var/www/html/looop_customer_management/vendor/cakephp/bake/src/Shell/Task/ModelTask.php(96): Bake\Shell\Task\ModelTask->bake('Users')
#8 [internal function]: Bake\Shell\Task\ModelTask->main('users')
#9 /var/www/html/looop_customer_management/vendor/cakephp/cakephp/src/Console/Shell.php(456): call_user_func_array(Array, Array)
#10 /var/www/html/looop_customer_management/vendor/cakephp/cakephp/src/Console/Shell.php(450): Cake\Console\Shell->runCommand(Array, false)
#11 /var/www/html/looop_customer_management/vendor/cakephp/cakephp/src/Console/ShellDispatcher.php(221): Cake\Console\Shell->runCommand(Array, true, Array)
#12 /var/www/html/looop_customer_management/vendor/cakephp/cakephp/src/Console/ShellDispatcher.php(181): Cake\Console\ShellDispatcher->_dispatch(Array)
#13 /var/www/html/looop_customer_management/vendor/cakephp/cakephp/src/Console/ShellDispatcher.php(127): Cake\Console\ShellDispatcher->dispatch(Array)
#14 /var/www/html/looop_customer_management/bin/cake.php(33): Cake\Console\ShellDispatcher::run(Array)
#15 {main}


2016-07-15 03:24:03 Warning: Warning (4096): Argument 1 passed to App\Shell\CustomShell::main() must be of the type array, string given in [/var/www/html/looop_customer_management/src/Shell/CustomShell.php, line 31]
Trace:
Cake\Error\BaseErrorHandler::handleError() - CORE/src/Error/BaseErrorHandler.php, line 146
App\Shell\CustomShell::main() - APP/Shell/CustomShell.php, line 31
Cake\Console\Shell::runCommand() - CORE/src/Console/Shell.php, line 456
Cake\Console\ShellDispatcher::_dispatch() - CORE/src/Console/ShellDispatcher.php, line 221
Cake\Console\ShellDispatcher::dispatch() - CORE/src/Console/ShellDispatcher.php, line 181
Cake\Console\ShellDispatcher::run() - CORE/src/Console/ShellDispatcher.php, line 127
[main] - ROOT/bin/cake.php, line 33



2016-07-15 09:20:43 Error: [Cake\Console\Exception\MissingShellException] Shell class for "Aaa" could not be found.
Exception Attributes: array (
  'class' => 'Aaa',
)
Stack Trace:
#0 /var/www/html/looop_customer_management/vendor/cakephp/cakephp/src/Console/ShellDispatcher.php(218): Cake\Console\ShellDispatcher->findShell('aaa')
#1 /var/www/html/looop_customer_management/vendor/cakephp/cakephp/src/Console/ShellDispatcher.php(181): Cake\Console\ShellDispatcher->_dispatch(Array)
#2 /var/www/html/looop_customer_management/vendor/cakephp/cakephp/src/Console/ShellDispatcher.php(127): Cake\Console\ShellDispatcher->dispatch(Array)
#3 /var/www/html/looop_customer_management/bin/cake.php(33): Cake\Console\ShellDispatcher::run(Array)
#4 {main}


2016-07-15 09:20:52 Warning: Warning (2): Missing argument 1 for App\Shell\CustomShell::main() in [/var/www/html/looop_customer_management/src/Shell/CustomShell.php, line 31]
Trace:
Cake\Error\BaseErrorHandler::handleError() - CORE/src/Error/BaseErrorHandler.php, line 146
App\Shell\CustomShell::main() - APP/Shell/CustomShell.php, line 31
Cake\Console\Shell::runCommand() - CORE/src/Console/Shell.php, line 456
Cake\Console\ShellDispatcher::_dispatch() - CORE/src/Console/ShellDispatcher.php, line 221
Cake\Console\ShellDispatcher::dispatch() - CORE/src/Console/ShellDispatcher.php, line 181
Cake\Console\ShellDispatcher::run() - CORE/src/Console/ShellDispatcher.php, line 127
[main] - ROOT/bin/cake.php, line 33



2016-07-15 09:20:52 Error: [Cake\Console\Exception\MissingShellException] Shell class for "Echo" could not be found.
Exception Attributes: array (
  'class' => 'Echo',
)
Stack Trace:
#0 /var/www/html/looop_customer_management/vendor/cakephp/cakephp/src/Console/ShellDispatcher.php(218): Cake\Console\ShellDispatcher->findShell('echo')
#1 /var/www/html/looop_customer_management/vendor/cakephp/cakephp/src/Console/ShellDispatcher.php(181): Cake\Console\ShellDispatcher->_dispatch(Array)
#2 /var/www/html/looop_customer_management/vendor/cakephp/cakephp/src/Console/Shell.php(345): Cake\Console\ShellDispatcher->dispatch(Array)
#3 /var/www/html/looop_customer_management/src/Shell/CustomShell.php(38): Cake\Console\Shell->dispatchShell('echo', 'create')
#4 /var/www/html/looop_customer_management/src/Shell/CustomShell.php(33): App\Shell\CustomShell->test(NULL)
#5 [internal function]: App\Shell\CustomShell->main()
#6 /var/www/html/looop_customer_management/vendor/cakephp/cakephp/src/Console/Shell.php(456): call_user_func_array(Array, Array)
#7 /var/www/html/looop_customer_management/vendor/cakephp/cakephp/src/Console/ShellDispatcher.php(221): Cake\Console\Shell->runCommand(Array, true, Array)
#8 /var/www/html/looop_customer_management/vendor/cakephp/cakephp/src/Console/ShellDispatcher.php(181): Cake\Console\ShellDispatcher->_dispatch(Array)
#9 /var/www/html/looop_customer_management/vendor/cakephp/cakephp/src/Console/ShellDispatcher.php(127): Cake\Console\ShellDispatcher->dispatch(Array)
#10 /var/www/html/looop_customer_management/bin/cake.php(33): Cake\Console\ShellDispatcher::run(Array)
#11 {main}


2016-07-15 10:32:42 Warning: Warning (2): join(): Invalid arguments passed in [/var/www/html/looop_customer_management/src/Shell/CustomShell.php, line 43]
Trace:
Cake\Error\BaseErrorHandler::handleError() - CORE/src/Error/BaseErrorHandler.php, line 146
join - [internal], line ??
App\Shell\CustomShell::_exec() - APP/Shell/CustomShell.php, line 43
App\Shell\CustomShell::test() - APP/Shell/CustomShell.php, line 38
Cake\Console\Shell::runCommand() - CORE/src/Console/Shell.php, line 439
Cake\Console\ShellDispatcher::_dispatch() - CORE/src/Console/ShellDispatcher.php, line 221
Cake\Console\ShellDispatcher::dispatch() - CORE/src/Console/ShellDispatcher.php, line 181
Cake\Console\ShellDispatcher::run() - CORE/src/Console/ShellDispatcher.php, line 127
[main] - ROOT/bin/cake.php, line 33



2016-07-15 10:32:53 Warning: Warning (2): join(): Invalid arguments passed in [/var/www/html/looop_customer_management/src/Shell/CustomShell.php, line 43]
Trace:
Cake\Error\BaseErrorHandler::handleError() - CORE/src/Error/BaseErrorHandler.php, line 146
join - [internal], line ??
App\Shell\CustomShell::_exec() - APP/Shell/CustomShell.php, line 43
App\Shell\CustomShell::test() - APP/Shell/CustomShell.php, line 38
Cake\Console\Shell::runCommand() - CORE/src/Console/Shell.php, line 439
Cake\Console\ShellDispatcher::_dispatch() - CORE/src/Console/ShellDispatcher.php, line 221
Cake\Console\ShellDispatcher::dispatch() - CORE/src/Console/ShellDispatcher.php, line 181
Cake\Console\ShellDispatcher::run() - CORE/src/Console/ShellDispatcher.php, line 127
[main] - ROOT/bin/cake.php, line 33



2016-07-15 10:33:29 Warning: Warning (2): join(): Invalid arguments passed in [/var/www/html/looop_customer_management/src/Shell/CustomShell.php, line 43]
Trace:
Cake\Error\BaseErrorHandler::handleError() - CORE/src/Error/BaseErrorHandler.php, line 146
join - [internal], line ??
App\Shell\CustomShell::_exec() - APP/Shell/CustomShell.php, line 43
App\Shell\CustomShell::test() - APP/Shell/CustomShell.php, line 38
Cake\Console\Shell::runCommand() - CORE/src/Console/Shell.php, line 439
Cake\Console\ShellDispatcher::_dispatch() - CORE/src/Console/ShellDispatcher.php, line 221
Cake\Console\ShellDispatcher::dispatch() - CORE/src/Console/ShellDispatcher.php, line 181
Cake\Console\ShellDispatcher::run() - CORE/src/Console/ShellDispatcher.php, line 127
[main] - ROOT/bin/cake.php, line 33



2016-07-15 10:36:00 Warning: Warning (2): join(): Invalid arguments passed in [/var/www/html/looop_customer_management/src/Shell/CustomShell.php, line 45]
Trace:
Cake\Error\BaseErrorHandler::handleError() - CORE/src/Error/BaseErrorHandler.php, line 146
join - [internal], line ??
App\Shell\CustomShell::_exec() - APP/Shell/CustomShell.php, line 45
App\Shell\CustomShell::test() - APP/Shell/CustomShell.php, line 40
Cake\Console\Shell::runCommand() - CORE/src/Console/Shell.php, line 439
Cake\Console\ShellDispatcher::_dispatch() - CORE/src/Console/ShellDispatcher.php, line 221
Cake\Console\ShellDispatcher::dispatch() - CORE/src/Console/ShellDispatcher.php, line 181
Cake\Console\ShellDispatcher::run() - CORE/src/Console/ShellDispatcher.php, line 127
[main] - ROOT/bin/cake.php, line 33



2016-07-15 10:38:27 Warning: Warning (2): join(): Invalid arguments passed in [/var/www/html/looop_customer_management/src/Shell/CustomShell.php, line 44]
Trace:
Cake\Error\BaseErrorHandler::handleError() - CORE/src/Error/BaseErrorHandler.php, line 146
join - [internal], line ??
App\Shell\CustomShell::_exec() - APP/Shell/CustomShell.php, line 44
App\Shell\CustomShell::test() - APP/Shell/CustomShell.php, line 39
Cake\Console\Shell::runCommand() - CORE/src/Console/Shell.php, line 439
Cake\Console\ShellDispatcher::_dispatch() - CORE/src/Console/ShellDispatcher.php, line 221
Cake\Console\ShellDispatcher::dispatch() - CORE/src/Console/ShellDispatcher.php, line 181
Cake\Console\ShellDispatcher::run() - CORE/src/Console/ShellDispatcher.php, line 127
[main] - ROOT/bin/cake.php, line 33



2016-07-15 10:40:22 Warning: Warning (2): implode(): Invalid arguments passed in [/var/www/html/looop_customer_management/src/Shell/CustomShell.php, line 44]
Trace:
Cake\Error\BaseErrorHandler::handleError() - CORE/src/Error/BaseErrorHandler.php, line 146
implode - [internal], line ??
App\Shell\CustomShell::_exec() - APP/Shell/CustomShell.php, line 44
App\Shell\CustomShell::test() - APP/Shell/CustomShell.php, line 39
Cake\Console\Shell::runCommand() - CORE/src/Console/Shell.php, line 439
Cake\Console\ShellDispatcher::_dispatch() - CORE/src/Console/ShellDispatcher.php, line 221
Cake\Console\ShellDispatcher::dispatch() - CORE/src/Console/ShellDispatcher.php, line 181
Cake\Console\ShellDispatcher::run() - CORE/src/Console/ShellDispatcher.php, line 127
[main] - ROOT/bin/cake.php, line 33



2016-07-15 10:41:51 Warning: Warning (2): Missing argument 2 for App\Shell\CustomShell::test() in [/var/www/html/looop_customer_management/src/Shell/CustomShell.php, line 35]
Trace:
Cake\Error\BaseErrorHandler::handleError() - CORE/src/Error/BaseErrorHandler.php, line 146
App\Shell\CustomShell::test() - APP/Shell/CustomShell.php, line 35
Cake\Console\Shell::runCommand() - CORE/src/Console/Shell.php, line 439
Cake\Console\ShellDispatcher::_dispatch() - CORE/src/Console/ShellDispatcher.php, line 221
Cake\Console\ShellDispatcher::dispatch() - CORE/src/Console/ShellDispatcher.php, line 181
Cake\Console\ShellDispatcher::run() - CORE/src/Console/ShellDispatcher.php, line 127
[main] - ROOT/bin/cake.php, line 33



2016-07-15 10:45:12 Warning: Warning (2): Missing argument 1 for App\Shell\CustomShell::test() in [/var/www/html/looop_customer_management/src/Shell/CustomShell.php, line 35]
Trace:
Cake\Error\BaseErrorHandler::handleError() - CORE/src/Error/BaseErrorHandler.php, line 146
App\Shell\CustomShell::test() - APP/Shell/CustomShell.php, line 35
Cake\Console\Shell::runCommand() - CORE/src/Console/Shell.php, line 439
Cake\Console\ShellDispatcher::_dispatch() - CORE/src/Console/ShellDispatcher.php, line 221
Cake\Console\ShellDispatcher::dispatch() - CORE/src/Console/ShellDispatcher.php, line 181
Cake\Console\ShellDispatcher::run() - CORE/src/Console/ShellDispatcher.php, line 127
[main] - ROOT/bin/cake.php, line 33



2016-07-19 04:45:15 Error: 通ったよ
2016-07-19 04:46:54 Error: 127
2016-07-19 04:47:26 Error: Array
(
)

2016-07-19 04:50:03 Error: Array
(
    [0] => 127
)

