2016-07-14 03:37:05 Notice: Notice (8): Undefined variable: isCheck in [/var/www/html/looop_customer_management/src/Controller/Component/CsrfComponent.php, line 101]
Request URL: /looop_customer_management/menu/
Client IP: 10.0.2.2
Trace:
Cake\Error\BaseErrorHandler::handleError() - CORE/src/Error/BaseErrorHandler.php, line 146
Cake\Controller\Component\CsrfComponent::startup() - APP/Controller/Component/CsrfComponent.php, line 101
Cake\Event\EventManager::_callListener() - CORE/src/Event/EventManager.php, line 407
Cake\Event\EventManager::dispatch() - CORE/src/Event/EventManager.php, line 373
Cake\Controller\Controller::dispatchEvent() - CORE/src/Event/EventDispatcherTrait.php, line 78
Cake\Controller\Controller::startupProcess() - CORE/src/Controller/Controller.php, line 495
Cake\Routing\Dispatcher::_invoke() - CORE/src/Routing/Dispatcher.php, line 109
Cake\Routing\Dispatcher::dispatch() - CORE/src/Routing/Dispatcher.php, line 87
[main] - ROOT/webroot/index.php, line 37



2016-07-19 04:14:28 Notice: Notice (8): Undefined variable: validator in [/var/www/html/looop_customer_management/src/Model/Table/UsersTable.php, line 28]
Request URL: /looop_customer_management/menu/next
Referer URL: http://localhost:2080/looop_customer_management/menu/next
Client IP: 10.0.2.2
Trace:
Cake\Error\BaseErrorHandler::handleError() - CORE/src/Error/BaseErrorHandler.php, line 146
App\Model\Table\UsersTable::initialize() - APP/Model/Table/UsersTable.php, line 28
Cake\ORM\Table::__construct() - CORE/src/ORM/Table.php, line 289
Cake\ORM\Locator\TableLocator::_create() - CORE/src/ORM/Locator/TableLocator.php, line 207
Cake\ORM\Locator\TableLocator::get() - CORE/src/ORM/Locator/TableLocator.php, line 175
Cake\ORM\TableRegistry::get() - CORE/src/ORM/TableRegistry.php, line 111
App\Controller\MenuController::next() - APP/Controller/MenuController.php, line 43
Cake\Controller\Controller::invokeAction() - CORE/src/Controller/Controller.php, line 429
Cake\Routing\Dispatcher::_invoke() - CORE/src/Routing/Dispatcher.php, line 114
Cake\Routing\Dispatcher::dispatch() - CORE/src/Routing/Dispatcher.php, line 87
[main] - ROOT/webroot/index.php, line 37



2016-07-19 08:46:14 Notice: Notice (8): Use of undefined constant BLOWFISH_COST - assumed 'BLOWFISH_COST' in [/var/www/html/looop_customer_management/src/Auth/CustomPasswordHasher.php, line 11]
Request URL: /looop_customer_management/
Referer URL: http://localhost:2080/looop_customer_management/
Client IP: 10.0.2.2
Trace:
Cake\Error\BaseErrorHandler::handleError() - CORE/src/Error/BaseErrorHandler.php, line 146
App\Auth\CustomPasswordHasher::hash() - APP/Auth/CustomPasswordHasher.php, line 11
App\Auth\CustomPasswordHasher::check() - APP/Auth/CustomPasswordHasher.php, line 16
Cake\Auth\BaseAuthenticate::_findUser() - CORE/src/Auth/BaseAuthenticate.php, line 117
Cake\Auth\FormAuthenticate::authenticate() - CORE/src/Auth/FormAuthenticate.php, line 77
Cake\Controller\Component\AuthComponent::identify() - CORE/src/Controller/Component/AuthComponent.php, line 769
App\Controller\TopController::index() - APP/Controller/TopController.php, line 40
Cake\Controller\Controller::invokeAction() - CORE/src/Controller/Controller.php, line 429
Cake\Routing\Dispatcher::_invoke() - CORE/src/Routing/Dispatcher.php, line 114
Cake\Routing\Dispatcher::dispatch() - CORE/src/Routing/Dispatcher.php, line 87
[main] - ROOT/webroot/index.php, line 37



2016-07-20 06:13:26 Notice: Strict (2048): Declaration of App\Controller\RootController::beforeFilter() should be compatible with Cake\Controller\Controller::beforeFilter(Cake\Event\Event $event) in [/var/www/html/looop_customer_management/src/Controller/RootController.php, line 29]
Request URL: /looop_customer_management/menu
Client IP: 10.0.2.2
Trace:
Cake\Error\BaseErrorHandler::handleError() - CORE/src/Error/BaseErrorHandler.php, line 146
include - APP/Controller/RootController.php, line 29
Composer\Autoload\includeFile - ROOT/vendor/composer/ClassLoader.php, line 412
Composer\Autoload\ClassLoader::loadClass() - ROOT/vendor/composer/ClassLoader.php, line 301
spl_autoload_call - [internal], line ??
include - APP/Controller/MenuController.php, line 31
Composer\Autoload\includeFile - ROOT/vendor/composer/ClassLoader.php, line 412
Composer\Autoload\ClassLoader::loadClass() - ROOT/vendor/composer/ClassLoader.php, line 301
spl_autoload_call - [internal], line ??
class_exists - [internal], line ??
Cake\Core\App::_classExistsInBase() - CORE/src/Core/App.php, line 151
Cake\Core\App::className() - CORE/src/Core/App.php, line 64
Cake\Routing\Filter\ControllerFactoryFilter::_getController() - CORE/src/Routing/Filter/ControllerFactoryFilter.php, line 91
Cake\Routing\Filter\ControllerFactoryFilter::beforeDispatch() - CORE/src/Routing/Filter/ControllerFactoryFilter.php, line 51
Cake\Routing\DispatcherFilter::handle() - CORE/src/Routing/DispatcherFilter.php, line 145
Cake\Event\EventManager::_callListener() - CORE/src/Event/EventManager.php, line 411
Cake\Event\EventManager::dispatch() - CORE/src/Event/EventManager.php, line 373
Cake\Routing\Dispatcher::dispatchEvent() - CORE/src/Event/EventDispatcherTrait.php, line 78
Cake\Routing\Dispatcher::dispatch() - CORE/src/Routing/Dispatcher.php, line 62
[main] - ROOT/webroot/index.php, line 37



2016-07-20 06:13:49 Notice: Strict (2048): Declaration of App\Controller\RootController::beforeFilter() should be compatible with Cake\Controller\Controller::beforeFilter(Cake\Event\Event $event) in [/var/www/html/looop_customer_management/src/Controller/RootController.php, line 29]
Request URL: /looop_customer_management/menu
Client IP: 10.0.2.2
Trace:
Cake\Error\BaseErrorHandler::handleError() - CORE/src/Error/BaseErrorHandler.php, line 146
include - APP/Controller/RootController.php, line 29
Composer\Autoload\includeFile - ROOT/vendor/composer/ClassLoader.php, line 412
Composer\Autoload\ClassLoader::loadClass() - ROOT/vendor/composer/ClassLoader.php, line 301
spl_autoload_call - [internal], line ??
include - APP/Controller/MenuController.php, line 31
Composer\Autoload\includeFile - ROOT/vendor/composer/ClassLoader.php, line 412
Composer\Autoload\ClassLoader::loadClass() - ROOT/vendor/composer/ClassLoader.php, line 301
spl_autoload_call - [internal], line ??
class_exists - [internal], line ??
Cake\Core\App::_classExistsInBase() - CORE/src/Core/App.php, line 151
Cake\Core\App::className() - CORE/src/Core/App.php, line 64
Cake\Routing\Filter\ControllerFactoryFilter::_getController() - CORE/src/Routing/Filter/ControllerFactoryFilter.php, line 91
Cake\Routing\Filter\ControllerFactoryFilter::beforeDispatch() - CORE/src/Routing/Filter/ControllerFactoryFilter.php, line 51
Cake\Routing\DispatcherFilter::handle() - CORE/src/Routing/DispatcherFilter.php, line 145
Cake\Event\EventManager::_callListener() - CORE/src/Event/EventManager.php, line 411
Cake\Event\EventManager::dispatch() - CORE/src/Event/EventManager.php, line 373
Cake\Routing\Dispatcher::dispatchEvent() - CORE/src/Event/EventDispatcherTrait.php, line 78
Cake\Routing\Dispatcher::dispatch() - CORE/src/Routing/Dispatcher.php, line 62
[main] - ROOT/webroot/index.php, line 37



2016-07-20 07:17:10 Notice: Strict (2048): Declaration of App\Controller\UsersController::beforeFilter() should be compatible with App\Controller\RootController::beforeFilter(Cake\Event\Event $event) in [/var/www/html/looop_customer_management/src/Controller/UsersController.php, line 12]
Request URL: /looop_customer_management/users/add
Referer URL: http://localhost:2080/looop_customer_management/groups
Client IP: 10.0.2.2
Trace:
Cake\Error\BaseErrorHandler::handleError() - CORE/src/Error/BaseErrorHandler.php, line 146
include - APP/Controller/UsersController.php, line 12
Composer\Autoload\includeFile - ROOT/vendor/composer/ClassLoader.php, line 412
Composer\Autoload\ClassLoader::loadClass() - ROOT/vendor/composer/ClassLoader.php, line 301
spl_autoload_call - [internal], line ??
class_exists - [internal], line ??
Cake\Core\App::_classExistsInBase() - CORE/src/Core/App.php, line 151
Cake\Core\App::className() - CORE/src/Core/App.php, line 64
Cake\Routing\Filter\ControllerFactoryFilter::_getController() - CORE/src/Routing/Filter/ControllerFactoryFilter.php, line 91
Cake\Routing\Filter\ControllerFactoryFilter::beforeDispatch() - CORE/src/Routing/Filter/ControllerFactoryFilter.php, line 51
Cake\Routing\DispatcherFilter::handle() - CORE/src/Routing/DispatcherFilter.php, line 145
Cake\Event\EventManager::_callListener() - CORE/src/Event/EventManager.php, line 411
Cake\Event\EventManager::dispatch() - CORE/src/Event/EventManager.php, line 373
Cake\Routing\Dispatcher::dispatchEvent() - CORE/src/Event/EventDispatcherTrait.php, line 78
Cake\Routing\Dispatcher::dispatch() - CORE/src/Routing/Dispatcher.php, line 62
[main] - ROOT/webroot/index.php, line 37



2016-07-20 07:45:53 Notice: Notice (8): Use of undefined constant ‘pedrovalmor - assumed '‘pedrovalmor' in [/var/www/html/looop_customer_management/src/Controller/GroupsController.php, line 104]
Request URL: /looop_customer_management/groups/edit/1
Client IP: 10.0.2.2
Trace:
Cake\Error\BaseErrorHandler::handleError() - CORE/src/Error/BaseErrorHandler.php, line 146
App\Controller\GroupsController::edit() - APP/Controller/GroupsController.php, line 104
Cake\Controller\Controller::invokeAction() - CORE/src/Controller/Controller.php, line 429
Cake\Routing\Dispatcher::_invoke() - CORE/src/Routing/Dispatcher.php, line 114
Cake\Routing\Dispatcher::dispatch() - CORE/src/Routing/Dispatcher.php, line 87
[main] - ROOT/webroot/index.php, line 37



2016-07-20 07:45:53 Notice: Notice (8): Use of undefined constant AclManager - assumed 'AclManager' in [/var/www/html/looop_customer_management/src/Controller/GroupsController.php, line 104]
Request URL: /looop_customer_management/groups/edit/1
Client IP: 10.0.2.2
Trace:
Cake\Error\BaseErrorHandler::handleError() - CORE/src/Error/BaseErrorHandler.php, line 146
App\Controller\GroupsController::edit() - APP/Controller/GroupsController.php, line 104
Cake\Controller\Controller::invokeAction() - CORE/src/Controller/Controller.php, line 429
Cake\Routing\Dispatcher::_invoke() - CORE/src/Routing/Dispatcher.php, line 114
Cake\Routing\Dispatcher::dispatch() - CORE/src/Routing/Dispatcher.php, line 87
[main] - ROOT/webroot/index.php, line 37



2016-07-20 07:45:53 Notice: Notice (8): Use of undefined constant AclManager’ - assumed 'AclManager’' in [/var/www/html/looop_customer_management/src/Controller/GroupsController.php, line 104]
Request URL: /looop_customer_management/groups/edit/1
Client IP: 10.0.2.2
Trace:
Cake\Error\BaseErrorHandler::handleError() - CORE/src/Error/BaseErrorHandler.php, line 146
App\Controller\GroupsController::edit() - APP/Controller/GroupsController.php, line 104
Cake\Controller\Controller::invokeAction() - CORE/src/Controller/Controller.php, line 429
Cake\Routing\Dispatcher::_invoke() - CORE/src/Routing/Dispatcher.php, line 114
Cake\Routing\Dispatcher::dispatch() - CORE/src/Routing/Dispatcher.php, line 87
[main] - ROOT/webroot/index.php, line 37



2016-07-20 07:50:36 Notice: Notice (8): Undefined variable: EditablePerms in [/var/www/html/looop_customer_management/src/Template/Groups/edit.ctp, line 1]
Request URL: /looop_customer_management/groups/edit/1
Client IP: 10.0.2.2
Trace:
Cake\Error\BaseErrorHandler::handleError() - CORE/src/Error/BaseErrorHandler.php, line 146
include - APP/Template/Groups/edit.ctp, line 1
Cake\View\View::_evaluate() - CORE/src/View/View.php, line 995
Cake\View\View::_render() - CORE/src/View/View.php, line 955
Cake\View\View::render() - CORE/src/View/View.php, line 587
Cake\Controller\Controller::render() - CORE/src/Controller/Controller.php, line 611
Cake\Routing\Dispatcher::_invoke() - CORE/src/Routing/Dispatcher.php, line 120
Cake\Routing\Dispatcher::dispatch() - CORE/src/Routing/Dispatcher.php, line 87
[main] - ROOT/webroot/index.php, line 37



2016-07-20 09:29:05 Notice: Notice (8): Undefined variable: EditablePerms in [/var/www/html/looop_customer_management/src/Template/Groups/edit.ctp, line 1]
Request URL: /looop_customer_management/groups/edit/1
Referer URL: http://localhost:2080/looop_customer_management/groups/
Client IP: 10.0.2.2
Trace:
Cake\Error\BaseErrorHandler::handleError() - CORE/src/Error/BaseErrorHandler.php, line 146
include - APP/Template/Groups/edit.ctp, line 1
Cake\View\View::_evaluate() - CORE/src/View/View.php, line 995
Cake\View\View::_render() - CORE/src/View/View.php, line 955
Cake\View\View::render() - CORE/src/View/View.php, line 587
Cake\Controller\Controller::render() - CORE/src/Controller/Controller.php, line 611
Cake\Routing\Dispatcher::_invoke() - CORE/src/Routing/Dispatcher.php, line 120
Cake\Routing\Dispatcher::dispatch() - CORE/src/Routing/Dispatcher.php, line 87
[main] - ROOT/webroot/index.php, line 37



2016-07-20 09:30:28 Notice: Notice (8): Undefined variable: EditablePerms in [/var/www/html/looop_customer_management/src/Template/Groups/edit.ctp, line 24]
Request URL: /looop_customer_management/groups/edit/1
Referer URL: http://localhost:2080/looop_customer_management/groups/
Client IP: 10.0.2.2
Trace:
Cake\Error\BaseErrorHandler::handleError() - CORE/src/Error/BaseErrorHandler.php, line 146
include - APP/Template/Groups/edit.ctp, line 24
Cake\View\View::_evaluate() - CORE/src/View/View.php, line 995
Cake\View\View::_render() - CORE/src/View/View.php, line 955
Cake\View\View::render() - CORE/src/View/View.php, line 587
Cake\Controller\Controller::render() - CORE/src/Controller/Controller.php, line 611
Cake\Routing\Dispatcher::_invoke() - CORE/src/Routing/Dispatcher.php, line 120
Cake\Routing\Dispatcher::dispatch() - CORE/src/Routing/Dispatcher.php, line 87
[main] - ROOT/webroot/index.php, line 37



2016-07-20 10:14:41 Notice: Strict (2048): Declaration of App\Controller\TopController::beforeFilter() should be compatible with App\Controller\RootController::beforeFilter(Cake\Event\Event $event) in [/var/www/html/looop_customer_management/src/Controller/TopController.php, line 29]
Request URL: /looop_customer_management/
Client IP: 10.0.2.2
Trace:
Cake\Error\BaseErrorHandler::handleError() - CORE/src/Error/BaseErrorHandler.php, line 146
include - APP/Controller/TopController.php, line 29
Composer\Autoload\includeFile - ROOT/vendor/composer/ClassLoader.php, line 412
Composer\Autoload\ClassLoader::loadClass() - ROOT/vendor/composer/ClassLoader.php, line 301
spl_autoload_call - [internal], line ??
class_exists - [internal], line ??
Cake\Core\App::_classExistsInBase() - CORE/src/Core/App.php, line 151
Cake\Core\App::className() - CORE/src/Core/App.php, line 64
Cake\Routing\Filter\ControllerFactoryFilter::_getController() - CORE/src/Routing/Filter/ControllerFactoryFilter.php, line 91
Cake\Routing\Filter\ControllerFactoryFilter::beforeDispatch() - CORE/src/Routing/Filter/ControllerFactoryFilter.php, line 51
Cake\Routing\DispatcherFilter::handle() - CORE/src/Routing/DispatcherFilter.php, line 145
Cake\Event\EventManager::_callListener() - CORE/src/Event/EventManager.php, line 411
Cake\Event\EventManager::dispatch() - CORE/src/Event/EventManager.php, line 373
Cake\Routing\Dispatcher::dispatchEvent() - CORE/src/Event/EventDispatcherTrait.php, line 78
Cake\Routing\Dispatcher::dispatch() - CORE/src/Routing/Dispatcher.php, line 62
[main] - ROOT/webroot/index.php, line 37



2016-07-20 10:15:00 Notice: Strict (2048): Declaration of App\Controller\TopController::beforeFilter() should be compatible with App\Controller\RootController::beforeFilter(Cake\Event\Event $event) in [/var/www/html/looop_customer_management/src/Controller/TopController.php, line 29]
Request URL: /looop_customer_management/
Client IP: 10.0.2.2
Trace:
Cake\Error\BaseErrorHandler::handleError() - CORE/src/Error/BaseErrorHandler.php, line 146
include - APP/Controller/TopController.php, line 29
Composer\Autoload\includeFile - ROOT/vendor/composer/ClassLoader.php, line 412
Composer\Autoload\ClassLoader::loadClass() - ROOT/vendor/composer/ClassLoader.php, line 301
spl_autoload_call - [internal], line ??
class_exists - [internal], line ??
Cake\Core\App::_classExistsInBase() - CORE/src/Core/App.php, line 151
Cake\Core\App::className() - CORE/src/Core/App.php, line 64
Cake\Routing\Filter\ControllerFactoryFilter::_getController() - CORE/src/Routing/Filter/ControllerFactoryFilter.php, line 91
Cake\Routing\Filter\ControllerFactoryFilter::beforeDispatch() - CORE/src/Routing/Filter/ControllerFactoryFilter.php, line 51
Cake\Routing\DispatcherFilter::handle() - CORE/src/Routing/DispatcherFilter.php, line 145
Cake\Event\EventManager::_callListener() - CORE/src/Event/EventManager.php, line 411
Cake\Event\EventManager::dispatch() - CORE/src/Event/EventManager.php, line 373
Cake\Routing\Dispatcher::dispatchEvent() - CORE/src/Event/EventDispatcherTrait.php, line 78
Cake\Routing\Dispatcher::dispatch() - CORE/src/Routing/Dispatcher.php, line 62
[main] - ROOT/webroot/index.php, line 37



2016-07-20 10:17:54 Notice: Strict (2048): Declaration of App\Controller\TopController::beforeFilter() should be compatible with App\Controller\RootController::beforeFilter(Cake\Event\Event $event) in [/var/www/html/looop_customer_management/src/Controller/TopController.php, line 29]
Request URL: /looop_customer_management/
Client IP: 10.0.2.2
Trace:
Cake\Error\BaseErrorHandler::handleError() - CORE/src/Error/BaseErrorHandler.php, line 146
include - APP/Controller/TopController.php, line 29
Composer\Autoload\includeFile - ROOT/vendor/composer/ClassLoader.php, line 412
Composer\Autoload\ClassLoader::loadClass() - ROOT/vendor/composer/ClassLoader.php, line 301
spl_autoload_call - [internal], line ??
class_exists - [internal], line ??
Cake\Core\App::_classExistsInBase() - CORE/src/Core/App.php, line 151
Cake\Core\App::className() - CORE/src/Core/App.php, line 64
Cake\Routing\Filter\ControllerFactoryFilter::_getController() - CORE/src/Routing/Filter/ControllerFactoryFilter.php, line 91
Cake\Routing\Filter\ControllerFactoryFilter::beforeDispatch() - CORE/src/Routing/Filter/ControllerFactoryFilter.php, line 51
Cake\Routing\DispatcherFilter::handle() - CORE/src/Routing/DispatcherFilter.php, line 145
Cake\Event\EventManager::_callListener() - CORE/src/Event/EventManager.php, line 411
Cake\Event\EventManager::dispatch() - CORE/src/Event/EventManager.php, line 373
Cake\Routing\Dispatcher::dispatchEvent() - CORE/src/Event/EventDispatcherTrait.php, line 78
Cake\Routing\Dispatcher::dispatch() - CORE/src/Routing/Dispatcher.php, line 62
[main] - ROOT/webroot/index.php, line 37



2016-07-20 10:19:33 Notice: Strict (2048): Declaration of App\Controller\TopController::beforeFilter() should be compatible with Cake\Controller\Controller::beforeFilter(Cake\Event\Event $event) in [/var/www/html/looop_customer_management/src/Controller/TopController.php, line 29]
Request URL: /looop_customer_management/
Client IP: 10.0.2.2
Trace:
Cake\Error\BaseErrorHandler::handleError() - CORE/src/Error/BaseErrorHandler.php, line 146
include - APP/Controller/TopController.php, line 29
Composer\Autoload\includeFile - ROOT/vendor/composer/ClassLoader.php, line 412
Composer\Autoload\ClassLoader::loadClass() - ROOT/vendor/composer/ClassLoader.php, line 301
spl_autoload_call - [internal], line ??
class_exists - [internal], line ??
Cake\Core\App::_classExistsInBase() - CORE/src/Core/App.php, line 151
Cake\Core\App::className() - CORE/src/Core/App.php, line 64
Cake\Routing\Filter\ControllerFactoryFilter::_getController() - CORE/src/Routing/Filter/ControllerFactoryFilter.php, line 91
Cake\Routing\Filter\ControllerFactoryFilter::beforeDispatch() - CORE/src/Routing/Filter/ControllerFactoryFilter.php, line 51
Cake\Routing\DispatcherFilter::handle() - CORE/src/Routing/DispatcherFilter.php, line 145
Cake\Event\EventManager::_callListener() - CORE/src/Event/EventManager.php, line 411
Cake\Event\EventManager::dispatch() - CORE/src/Event/EventManager.php, line 373
Cake\Routing\Dispatcher::dispatchEvent() - CORE/src/Event/EventDispatcherTrait.php, line 78
Cake\Routing\Dispatcher::dispatch() - CORE/src/Routing/Dispatcher.php, line 62
[main] - ROOT/webroot/index.php, line 37



